\BOOKMARK [1][-]{section.1}{\376\377\000I\000n\000t\000r\000o\000d\000u\000c\000t\000i\000o\000n}{}% 1
\BOOKMARK [1][-]{section.2}{\376\377\000B\000a\000c\000k\000g\000r\000o\000u\000n\000d}{}% 2
\BOOKMARK [2][-]{subsection.2.1}{\376\377\000A\000l\000g\000o\000r\000i\000t\000h\000m\000i\000c\000\040\000R\000e\000c\000o\000u\000r\000s\000e}{section.2}% 3
\BOOKMARK [2][-]{subsection.2.2}{\376\377\000D\000o\000m\000a\000i\000n\000\040\000a\000n\000d\000\040\000M\000o\000d\000e\000l\000\040\000S\000h\000i\000f\000t\000s}{section.2}% 4
\BOOKMARK [2][-]{subsection.2.3}{\376\377\000B\000e\000n\000c\000h\000m\000a\000r\000k\000i\000n\000g\000\040\000C\000o\000u\000n\000t\000e\000r\000f\000a\000c\000t\000u\000a\000l\000\040\000G\000e\000n\000e\000r\000a\000t\000o\000r\000s}{section.2}% 5
\BOOKMARK [1][-]{section.3}{\376\377\000G\000r\000a\000d\000i\000e\000n\000t\000-\000B\000a\000s\000e\000d\000\040\000R\000e\000c\000o\000u\000r\000s\000e\000\040\000R\000e\000v\000i\000s\000i\000t\000e\000d}{}% 6
\BOOKMARK [2][-]{subsection.3.1}{\376\377\000F\000r\000o\000m\000\040\000i\000n\000d\000i\000v\000i\000d\000u\000a\000l\000\040\000r\000e\000c\000o\000u\000r\000s\000e\000\040\040\046}{section.3}% 7
\BOOKMARK [2][-]{subsection.3.2}{\376\377\040\046\000\040\000t\000o\000w\000a\000r\000d\000s\000\040\000c\000o\000l\000l\000e\000c\000t\000i\000v\000e\000\040\000r\000e\000c\000o\000u\000r\000s\000e}{section.3}% 8
\BOOKMARK [1][-]{section.4}{\376\377\000M\000o\000d\000e\000l\000i\000n\000g\000\040\000E\000n\000d\000o\000g\000e\000n\000o\000u\000s\000\040\000M\000a\000c\000r\000o\000d\000y\000n\000a\000m\000i\000c\000s\000\040\000i\000n\000\040\000A\000l\000g\000o\000r\000i\000t\000h\000m\000i\000c\000\040\000R\000e\000c\000o\000u\000r\000s\000e}{}% 9
\BOOKMARK [2][-]{subsection.4.1}{\376\377\000S\000i\000m\000u\000l\000a\000t\000i\000o\000n\000s}{section.4}% 10
\BOOKMARK [2][-]{subsection.4.2}{\376\377\000E\000v\000a\000l\000u\000a\000t\000i\000o\000n\000\040\000M\000e\000t\000r\000i\000c\000s}{section.4}% 11
\BOOKMARK [3][-]{subsubsection.4.2.1}{\376\377\000D\000o\000m\000a\000i\000n\000\040\000S\000h\000i\000f\000t\000s}{subsection.4.2}% 12
\BOOKMARK [3][-]{subsubsection.4.2.2}{\376\377\000M\000o\000d\000e\000l\000\040\000S\000h\000i\000f\000t\000s}{subsection.4.2}% 13
\BOOKMARK [1][-]{section.5}{\376\377\000E\000x\000p\000e\000r\000i\000m\000e\000n\000t\000\040\000S\000e\000t\000u\000p}{}% 14
\BOOKMARK [2][-]{subsection.5.1}{\376\377\000M\040\024\000C\000l\000a\000s\000s\000i\000f\000i\000e\000r\000s\000\040\000a\000n\000d\000\040\000G\000e\000n\000e\000r\000a\000t\000i\000v\000e\000\040\000M\000o\000d\000e\000l\000s}{section.5}% 15
\BOOKMARK [2][-]{subsection.5.2}{\376\377\000\134\000m\000a\000t\000h\000c\000a\000l\000\173\000D\000\175\040\024\000D\000a\000t\000a}{section.5}% 16
\BOOKMARK [3][-]{subsubsection.5.2.1}{\376\377\000S\000y\000n\000t\000h\000e\000t\000i\000c\000\040\000d\000a\000t\000a}{subsection.5.2}% 17
\BOOKMARK [3][-]{subsubsection.5.2.2}{\376\377\000R\000e\000a\000l\000-\000w\000o\000r\000l\000d\000\040\000d\000a\000t\000a}{subsection.5.2}% 18
\BOOKMARK [2][-]{subsection.5.3}{\376\377\000G\040\024\000G\000e\000n\000e\000r\000a\000t\000o\000r\000s}{section.5}% 19
\BOOKMARK [1][-]{section.6}{\376\377\000E\000x\000p\000e\000r\000i\000m\000e\000n\000t\000s}{}% 20
\BOOKMARK [2][-]{subsection.6.1}{\376\377\000E\000n\000d\000o\000g\000e\000n\000o\000u\000s\000\040\000M\000a\000c\000r\000o\000d\000y\000n\000a\000m\000i\000c\000s}{section.6}% 21
\BOOKMARK [1][-]{section.7}{\376\377\000M\000i\000t\000i\000g\000a\000t\000i\000o\000n\000\040\000S\000t\000r\000a\000t\000e\000g\000i\000e\000s\000\040\000a\000n\000d\000\040\000E\000x\000p\000e\000r\000i\000m\000e\000n\000t\000s}{}% 22
\BOOKMARK [2][-]{subsection.7.1}{\376\377\000M\000o\000r\000e\000\040\000C\000o\000n\000s\000e\000r\000v\000a\000t\000i\000v\000e\000\040\000D\000e\000c\000i\000s\000i\000o\000n\000\040\000T\000h\000r\000e\000s\000h\000o\000l\000d\000s}{section.7}% 23
\BOOKMARK [2][-]{subsection.7.2}{\376\377\000C\000l\000a\000s\000s\000i\000f\000i\000e\000r\000\040\000P\000r\000e\000s\000e\000r\000v\000i\000n\000g\000\040\000R\000O\000A\000R\000\040\000\050\000C\000l\000a\000P\000R\000O\000A\000R\000\051}{section.7}% 24
\BOOKMARK [2][-]{subsection.7.3}{\376\377\000G\000r\000a\000v\000i\000t\000a\000t\000i\000o\000n\000a\000l\000\040\000C\000o\000u\000n\000t\000e\000r\000f\000a\000c\000t\000u\000a\000l\000\040\000E\000x\000p\000l\000a\000n\000a\000t\000i\000o\000n\000s}{section.7}% 25
\BOOKMARK [1][-]{section.8}{\376\377\000D\000i\000s\000c\000u\000s\000s\000i\000o\000n}{}% 26
\BOOKMARK [1][-]{section.9}{\376\377\000L\000i\000m\000i\000t\000a\000t\000i\000o\000n\000s\000\040\000a\000n\000d\000\040\000F\000u\000t\000u\000r\000e\000\040\000W\000o\000r\000k}{}% 27
\BOOKMARK [2][-]{subsection.9.1}{\376\377\000P\000r\000i\000v\000a\000t\000e\000\040\000v\000s\000.\000\040\000E\000x\000t\000e\000r\000n\000a\000l\000\040\000C\000o\000s\000t\000s}{section.9}% 28
\BOOKMARK [2][-]{subsection.9.2}{\376\377\000E\000x\000p\000e\000r\000i\000m\000e\000n\000t\000a\000l\000\040\000S\000e\000t\000u\000p}{section.9}% 29
\BOOKMARK [2][-]{subsection.9.3}{\376\377\000C\000a\000u\000s\000a\000l\000\040\000M\000o\000d\000e\000l\000l\000i\000n\000g}{section.9}% 30
\BOOKMARK [2][-]{subsection.9.4}{\376\377\000D\000a\000t\000a}{section.9}% 31
\BOOKMARK [2][-]{subsection.9.5}{\376\377\000C\000l\000a\000s\000s\000i\000f\000i\000e\000r\000s}{section.9}% 32
\BOOKMARK [1][-]{section.10}{\376\377\000C\000o\000n\000c\000l\000u\000d\000i\000n\000g\000\040\000R\000e\000m\000a\000r\000k\000s}{}% 33
\BOOKMARK [1][-]{section*.1}{\376\377\000R\000e\000f\000e\000r\000e\000n\000c\000e\000s}{}% 34
\BOOKMARK [1][-]{section.11}{\376\377\000A\000p\000p\000e\000n\000d\000i\000x}{}% 35
